2021-09-18 17:17:13 -  - exec CUpdateClientPartner::SearchModulesEx
2021-09-18 17:17:13 -  - exec CUpdateClientPartner::__CollectRequestData
2021-09-18 17:17:13 -  - utf=Y&lang=ru&stable=Y&CANGZIP=Y&SUPD_DBS=MYSQL&XE=N&CLIENT_SITE=localhost&LICENSE_KEY=X&SUPD_STS=1&SUPD_URS=0&SUPD_URSA=1&TYPENC=D&CLIENT_PHPVER=7.4.21&NGINX=Y&dbv=8.0.24&instm=main%2C21.400.100%2CY%3Bb24connector%2C21.0.0%2CN%3Bbitrix.sitecorporate%2C15.5.0%2CN%3Bbitrix.siteinfoportal%2C15.5.0%2CN%3Bbitrix.sitepersonal%2C15.5.0%2CN%3Bbitrixcloud%2C21.0.0%2CN%3Bblog%2C21.200.0%2CN%3Bclouds%2C21.100.0%2CN%3Bfileman%2C21.200.0%2CN%3Bform%2C21.0.0%2CN%3Bforum%2C21.100.0%2CN%3Bhighloadblock%2C21.100.0%2CN%3Biblock%2C21.400.100%2CN%3Blanding%2C21.300.300%2CN%3Bmessageservice%2C21.100.0%2CN%3Bmobileapp%2C21.0.50%2CN%3Bperfmon%2C21.0.0%2CN%3Bphotogallery%2C21.0.0%2CN%3Brest%2C21.200.0%2CN%3Bscale%2C21.0.0%2CN%3Bsearch%2C21.0.100%2CN%3Bsecurity%2C21.0.0%2CN%3Bseo%2C21.300.0%2CN%3Bsocialservices%2C21.100.0%2CN%3Bsubscribe%2C21.0.0%2CN%3Btranslate%2C21.100.0%2CN%3Bui%2C21.300.0%2CN%3Bvote%2C21.0.0%2CN&search_module_id=&search_module=&search_category=7%2C14&search_type=&search_order=DESC&search_order_by=SORT&search_page=1&SUPD_SRS=RU&SUPD_CMP=N
2021-09-18 17:17:13 -  - exec CUpdateClientPartner::GetHTTPPage
2021-09-18 17:17:15 -  - TIME SearchModulesEx(request) 1.627 sec
2021-09-18 17:17:15 -  - exec CUpdateClientPartner::ParseServerData
2021-09-18 17:17:29 -  - exec CUpdateClientPartner::LoadModulesUpdates
2021-09-18 17:17:29 -  - exec CUpdateClientPartner::__CollectRequestData
2021-09-18 17:17:29 -  - utf=Y&lang=ru&stable=Y&CANGZIP=Y&SUPD_DBS=MYSQL&XE=N&CLIENT_SITE=localhost&LICENSE_KEY=X&SUPD_STS=1&SUPD_URS=0&SUPD_URSA=1&TYPENC=D&CLIENT_PHPVER=7.4.21&NGINX=Y&dbv=8.0.24&instm=main%2C21.400.100%2CY%3Bb24connector%2C21.0.0%2CN%3Bbitrix.sitecorporate%2C15.5.0%2CN%3Bbitrix.siteinfoportal%2C15.5.0%2CN%3Bbitrix.sitepersonal%2C15.5.0%2CN%3Bbitrixcloud%2C21.0.0%2CN%3Bblog%2C21.200.0%2CN%3Bclouds%2C21.100.0%2CN%3Bfileman%2C21.200.0%2CN%3Bform%2C21.0.0%2CN%3Bforum%2C21.100.0%2CN%3Bhighloadblock%2C21.100.0%2CN%3Biblock%2C21.400.100%2CN%3Blanding%2C21.300.300%2CN%3Bmessageservice%2C21.100.0%2CN%3Bmobileapp%2C21.0.50%2CN%3Bperfmon%2C21.0.0%2CN%3Bphotogallery%2C21.0.0%2CN%3Brest%2C21.200.0%2CN%3Bscale%2C21.0.0%2CN%3Bsearch%2C21.0.100%2CN%3Bsecurity%2C21.0.0%2CN%3Bseo%2C21.300.0%2CN%3Bsocialservices%2C21.100.0%2CN%3Bsubscribe%2C21.0.0%2CN%3Btranslate%2C21.100.0%2CN%3Bui%2C21.300.0%2CN%3Bvote%2C21.0.0%2CN&reqm=nsandrey.emptyinstall&lim=Y&SUPD_SRS=RU&SUPD_CMP=N
2021-09-18 17:17:29 -  - exec CUpdateClientPartner::GetHTTPPage
2021-09-18 17:17:29 -  - TIME LoadModulesUpdates(request) 0.405 sec
2021-09-18 17:17:29 -  - exec CUpdateClientPartner::ParseServerData
2021-09-18 17:17:29 - S - STEP
2021-09-18 17:17:29 - LM4W01 - loadModule4Wizard-Step
2021-09-18 17:17:29 -  - exec CUpdateClientPartner::LoadModulesUpdates
2021-09-18 17:17:29 -  - exec CUpdateClientPartner::ParseServerData
2021-09-18 17:17:29 -  - loadFile
2021-09-18 17:17:30 - U - RETURN
2021-09-18 17:17:30 -  - exec CUpdateClientPartner::UnGzipArchive
2021-09-18 17:17:30 -  - TIME UnGzipArchive 0.191 sec
2021-09-18 17:17:30 -  - TIME UpdateStepModules 0.118 sec
2021-09-18 17:17:31 -  - exec CUpdateClientPartner::LoadModulesUpdates
2021-09-18 17:17:31 -  - exec CUpdateClientPartner::__CollectRequestData
2021-09-18 17:17:31 -  - utf=Y&lang=ru&stable=Y&CANGZIP=Y&SUPD_DBS=MYSQL&XE=N&CLIENT_SITE=localhost&LICENSE_KEY=X&SUPD_STS=1&SUPD_URS=0&SUPD_URSA=1&TYPENC=D&CLIENT_PHPVER=7.4.21&NGINX=Y&dbv=8.0.24&instm=main%2C21.400.100%2CY%3Bb24connector%2C21.0.0%2CN%3Bbitrix.sitecorporate%2C15.5.0%2CN%3Bbitrix.siteinfoportal%2C15.5.0%2CN%3Bbitrix.sitepersonal%2C15.5.0%2CN%3Bbitrixcloud%2C21.0.0%2CN%3Bblog%2C21.200.0%2CN%3Bclouds%2C21.100.0%2CN%3Bfileman%2C21.200.0%2CN%3Bform%2C21.0.0%2CN%3Bforum%2C21.100.0%2CN%3Bhighloadblock%2C21.100.0%2CN%3Biblock%2C21.400.100%2CN%3Blanding%2C21.300.300%2CN%3Bmessageservice%2C21.100.0%2CN%3Bmobileapp%2C21.0.50%2CN%3Bnsandrey.emptyinstall%2C1.0.5%2CN%3Bperfmon%2C21.0.0%2CN%3Bphotogallery%2C21.0.0%2CN%3Brest%2C21.200.0%2CN%3Bscale%2C21.0.0%2CN%3Bsearch%2C21.0.100%2CN%3Bsecurity%2C21.0.0%2CN%3Bseo%2C21.300.0%2CN%3Bsocialservices%2C21.100.0%2CN%3Bsubscribe%2C21.0.0%2CN%3Btranslate%2C21.100.0%2CN%3Bui%2C21.300.0%2CN%3Bvote%2C21.0.0%2CN&reqm=nsandrey.emptyinstall&lim=Y&SUPD_SRS=RU&SUPD_CMP=N
2021-09-18 17:17:31 -  - exec CUpdateClientPartner::GetHTTPPage
2021-09-18 17:17:31 -  - TIME LoadModulesUpdates(request) 0.347 sec
2021-09-18 17:17:31 -  - exec CUpdateClientPartner::ParseServerData
2021-09-18 17:17:31 - STEP - Finish - NOUPDATES
2021-09-18 17:17:31 - LM4W03 - Finish - NOUPDATES
2021-09-18 17:18:06 -  - exec CUpdateClientPartner::__CollectRequestData
2021-09-18 17:18:06 -  - exec CUpdateClientPartner::GetHTTPPage
2021-09-18 17:18:06 -  - exec CUpdateClientPartner::ParseServerData
2021-09-18 17:18:06 -  - exec CUpdateClientPartner::GetUpdatesList
2021-09-18 17:18:06 -  - exec CUpdateClientPartner::__CollectRequestData
2021-09-18 17:18:06 -  - utf=Y&lang=ru&stable=Y&CANGZIP=Y&SUPD_DBS=MYSQL&XE=N&CLIENT_SITE=localhost&LICENSE_KEY=X&SUPD_STS=1&SUPD_URS=0&SUPD_URSA=1&TYPENC=D&CLIENT_PHPVER=7.4.21&NGINX=Y&dbv=8.0.24&instm=main%2C21.400.100%2CY%3Bb24connector%2C21.0.0%2CN%3Bbitrix.sitecorporate%2C15.5.0%2CN%3Bbitrix.siteinfoportal%2C15.5.0%2CN%3Bbitrix.sitepersonal%2C15.5.0%2CN%3Bbitrixcloud%2C21.0.0%2CN%3Bblog%2C21.200.0%2CN%3Bclouds%2C21.100.0%2CN%3Bfileman%2C21.200.0%2CN%3Bform%2C21.0.0%2CN%3Bforum%2C21.100.0%2CN%3Bhighloadblock%2C21.100.0%2CN%3Biblock%2C21.400.100%2CN%3Blanding%2C21.300.300%2CN%3Bmessageservice%2C21.100.0%2CN%3Bmobileapp%2C21.0.50%2CN%3Bnsandrey.emptyinstall%2C1.0.5%2CN%3Bperfmon%2C21.0.0%2CN%3Bphotogallery%2C21.0.0%2CN%3Brest%2C21.200.0%2CN%3Bscale%2C21.0.0%2CN%3Bsearch%2C21.0.100%2CN%3Bsecurity%2C21.0.0%2CN%3Bseo%2C21.300.0%2CN%3Bsocialservices%2C21.100.0%2CN%3Bsubscribe%2C21.0.0%2CN%3Btranslate%2C21.100.0%2CN%3Bui%2C21.300.0%2CN%3Bvote%2C21.0.0%2CN&reqm=bitrix.sitecorporate%2Cbitrix.siteinfoportal%2Cbitrix.sitepersonal%2Cnsandrey.emptyinstall&fullmoduleinfo=Y&SUPD_SRS=RU&SUPD_CMP=N
2021-09-18 17:18:06 -  - exec CUpdateClientPartner::GetHTTPPage
2021-09-18 17:18:07 -  - TIME GetUpdatesList(request) 0.384 sec
2021-09-18 17:18:07 -  - exec CUpdateClientPartner::ParseServerData
2021-09-18 17:18:07 -  - exec CUpdateClientPartner::__CollectRequestData
2021-09-18 17:18:07 -  - exec CUpdateClientPartner::GetHTTPPage
2021-09-18 17:18:07 -  - exec CUpdateClientPartner::ParseServerData
2021-09-20 12:28:18 -  - exec CUpdateClientPartner::__CollectRequestData
2021-09-20 12:28:19 -  - exec CUpdateClientPartner::GetHTTPPage
2021-09-20 12:28:20 -  - exec CUpdateClientPartner::ParseServerData
2021-09-20 12:28:20 -  - exec CUpdateClientPartner::GetUpdatesList
2021-09-20 12:28:20 -  - exec CUpdateClientPartner::__CollectRequestData
2021-09-20 12:28:20 -  - utf=Y&lang=ru&stable=Y&CANGZIP=Y&SUPD_DBS=MYSQL&XE=N&CLIENT_SITE=localhost&LICENSE_KEY=X&SUPD_STS=1&SUPD_URS=0&SUPD_URSA=1&TYPENC=D&CLIENT_PHPVER=7.4.21&NGINX=Y&dbv=8.0.24&instm=main%2C21.400.100%2CY%3Bb24connector%2C21.0.0%2CN%3Bbitrix.sitecorporate%2C15.5.0%2CN%3Bbitrix.siteinfoportal%2C15.5.0%2CN%3Bbitrix.sitepersonal%2C15.5.0%2CN%3Bbitrixcloud%2C21.0.0%2CN%3Bblog%2C21.200.0%2CN%3Bclouds%2C21.100.0%2CN%3Bfileman%2C21.200.0%2CN%3Bform%2C21.0.0%2CN%3Bforum%2C21.100.0%2CN%3Bhighloadblock%2C21.100.0%2CN%3Biblock%2C21.400.100%2CN%3Blanding%2C21.300.300%2CN%3Bmessageservice%2C21.100.0%2CN%3Bmobileapp%2C21.0.50%2CN%3Bnsandrey.emptyinstall%2C1.0.5%2CN%3Bperfmon%2C21.0.0%2CN%3Bphotogallery%2C21.0.0%2CN%3Brest%2C21.200.0%2CN%3Bscale%2C21.0.0%2CN%3Bsearch%2C21.0.100%2CN%3Bsecurity%2C21.0.0%2CN%3Bseo%2C21.300.0%2CN%3Bsocialservices%2C21.100.0%2CN%3Bsubscribe%2C21.0.0%2CN%3Btranslate%2C21.100.0%2CN%3Bui%2C21.300.0%2CN%3Bvote%2C21.0.0%2CN&reqm=bitrix.sitecorporate%2Cbitrix.siteinfoportal%2Cbitrix.sitepersonal%2Cnsandrey.emptyinstall&fullmoduleinfo=Y&SUPD_SRS=RU&SUPD_CMP=N
2021-09-20 12:28:20 -  - exec CUpdateClientPartner::GetHTTPPage
2021-09-20 12:28:20 -  - TIME GetUpdatesList(request) 0.332 sec
2021-09-20 12:28:20 -  - exec CUpdateClientPartner::ParseServerData
2021-09-20 12:28:20 -  - exec CUpdateClientPartner::__CollectRequestData
2021-09-20 12:28:20 -  - exec CUpdateClientPartner::GetHTTPPage
2021-09-20 12:28:21 -  - exec CUpdateClientPartner::ParseServerData
